<?xml version="1.0" encoding="UTF-8"?>
<!-- Generated by org.testng.reporters.JUnitReportReporter -->
<testsuite skipped="0" hostname="EC2AMAZ-EC8CRPV" name="APIDemo1" tests="5" failures="0" timestamp="2021-08-18T06:11:20 UTC" time="5.675" errors="0">
  <testcase name="get_demo1" time="1.047" classname="APIDemo1"/>
  <system-out/>
  <testcase name="post_demo1" time="0.282" classname="APIDemo1"/>
  <system-out/>
  <testcase name="delete_demo1" time="3.753" classname="APIDemo1"/>
  <system-out/>
  <testcase name="patch_demo1" time="0.328" classname="APIDemo1"/>
  <system-out/>
  <testcase name="put_demo1" time="0.265" classname="APIDemo1"/>
  <system-out/>
</testsuite> <!-- APIDemo1 -->
