<?xml version="1.0" encoding="UTF-8"?>
<!-- Generated by org.testng.reporters.JUnitReportReporter -->
<testsuite skipped="0" hostname="EC2AMAZ-EC8CRPV" name="APITests" tests="2" failures="0" timestamp="2021-08-17T05:27:33 UTC" time="3.506" errors="0">
  <testcase name="test1" time="3.381" classname="APITests"/>
  <system-out/>
  <testcase name="test2" time="0.125" classname="APITests"/>
  <system-out/>
</testsuite> <!-- APITests -->
